<?xml version="1.0" encoding="UTF-8"?>
<!-- Generated by org.testng.reporters.JUnitReportReporter -->
<testsuite hostname="Rakib-Ansar" failures="0" tests="1" name="TestcasesADGM.LoginTestcasesADGM" time="35.199" errors="0" timestamp="2024-07-02T17:50:09 IST" skipped="0">
  <testcase classname="TestcasesADGM.LoginTestcasesADGM" name="loginSF" time="35.199"/>
  <system-out/>
</testsuite> <!-- TestcasesADGM.LoginTestcasesADGM -->
